{"level":"error","name":"SequelizeConnectionRefusedError","original":{"address":"127.0.0.1","code":"ECONNREFUSED","errno":-4078,"fatal":true,"port":3306,"syscall":"connect"},"parent":{"address":"127.0.0.1","code":"ECONNREFUSED","errno":-4078,"fatal":true,"port":3306,"syscall":"connect"},"timestamp":"16-11-2025 00:28:19.404+07:00"}
{"level":"error","message":"connect ECONNREFUSED 127.0.0.1:3306","status":"ERROR","timestamp":"16-11-2025 00:28:19.411+07:00"}
{"level":"error","name":"SequelizeEagerLoadingError","timestamp":"16-11-2025 00:29:20.836+07:00"}
{"level":"error","message":"CartDetail is not associated to Cart!","status":"ERROR","timestamp":"16-11-2025 00:29:20.839+07:00"}
{"level":"error","name":"SequelizeEagerLoadingError","timestamp":"16-11-2025 00:32:24.005+07:00"}
{"level":"error","message":"CartDetail is not associated to Cart!","status":"ERROR","timestamp":"16-11-2025 00:32:24.008+07:00"}
{"level":"warn","message":"\"quantity\" is required","status":"UNPROCESSABLE_ENTITY","timestamp":"16-11-2025 00:53:32.301+07:00"}
{"level":"error","message":"email not found","timestamp":"16-11-2025 00:56:11.419+07:00"}
{"level":"warn","message":"email not found","status":"BAD_REQUEST","timestamp":"16-11-2025 00:56:11.423+07:00"}
{"level":"warn","message":"Unauthenticated","status":"UNAUTHORIZED","timestamp":"16-11-2025 01:08:32.214+07:00"}
{"level":"warn","message":"Unauthenticated","status":"UNAUTHORIZED","timestamp":"16-11-2025 01:08:55.192+07:00"}
{"level":"warn","message":"Unauthenticated","status":"UNAUTHORIZED","timestamp":"16-11-2025 01:09:58.615+07:00"}
{"level":"warn","message":"Unauthenticated","status":"UNAUTHORIZED","timestamp":"16-11-2025 01:10:53.500+07:00"}
{"level":"warn","message":"Forbidden: insufficient role","status":"FORBIDDEN","timestamp":"16-11-2025 01:13:29.645+07:00"}
{"errors":[{"instance":{"createdAt":"2025-11-15T18:23:37.958Z","email":"aldy@gmail.com","id":null,"password":"a4559423c62ba6af08ac7f6be29e11942fe21f2bb96c24ff1d6b40814212c8b7","role":"admin","salt":"6b6f04c405fd0a1c6d219d2b12a7db94a82a56b384a8fc7adf20da1fa7b7fdc8","updatedAt":"2025-11-15T18:23:37.958Z"},"message":"email must be unique","origin":"DB","path":"email","type":"unique violation","validatorArgs":[],"validatorKey":"not_unique","validatorName":null,"value":"aldy@gmail.com"}],"fields":{"email":"aldy@gmail.com"},"level":"error","name":"SequelizeUniqueConstraintError","original":{"code":"ER_DUP_ENTRY","errno":1062,"parameters":["aldy@gmail.com","a4559423c62ba6af08ac7f6be29e11942fe21f2bb96c24ff1d6b40814212c8b7","6b6f04c405fd0a1c6d219d2b12a7db94a82a56b384a8fc7adf20da1fa7b7fdc8","admin","2025-11-15 18:23:37","2025-11-15 18:23:37"],"sql":"INSERT INTO `Users` (`id`,`email`,`password`,`salt`,`role`,`createdAt`,`updatedAt`) VALUES (DEFAULT,?,?,?,?,?,?);","sqlMessage":"Duplicate entry 'aldy@gmail.com' for key 'Users.email'","sqlState":"23000"},"parent":{"code":"ER_DUP_ENTRY","errno":1062,"parameters":["aldy@gmail.com","a4559423c62ba6af08ac7f6be29e11942fe21f2bb96c24ff1d6b40814212c8b7","6b6f04c405fd0a1c6d219d2b12a7db94a82a56b384a8fc7adf20da1fa7b7fdc8","admin","2025-11-15 18:23:37","2025-11-15 18:23:37"],"sql":"INSERT INTO `Users` (`id`,`email`,`password`,`salt`,`role`,`createdAt`,`updatedAt`) VALUES (DEFAULT,?,?,?,?,?,?);","sqlMessage":"Duplicate entry 'aldy@gmail.com' for key 'Users.email'","sqlState":"23000"},"sql":"INSERT INTO `Users` (`id`,`email`,`password`,`salt`,`role`,`createdAt`,`updatedAt`) VALUES (DEFAULT,?,?,?,?,?,?);","timestamp":"16-11-2025 01:23:38.076+07:00"}
{"level":"error","message":"Validation error","status":"ERROR","timestamp":"16-11-2025 01:23:38.079+07:00"}
{"level":"error","message":"Insufficient stock for the requested book.","timestamp":"16-11-2025 01:24:23.828+07:00"}
{"level":"warn","message":"Insufficient stock for the requested book.","status":"UNPROCESSABLE_ENTITY","timestamp":"16-11-2025 01:24:23.829+07:00"}
{"level":"warn","message":"\"id\" is required","status":"UNPROCESSABLE_ENTITY","timestamp":"16-11-2025 01:32:32.772+07:00"}
{"level":"warn","message":"\"cartId\" must be a string","status":"UNPROCESSABLE_ENTITY","timestamp":"16-11-2025 06:25:52.082+07:00"}
{"level":"error","name":"SequelizeEagerLoadingError","timestamp":"16-11-2025 06:26:03.754+07:00"}
{"level":"error","message":"CartDetail is associated to Cart using an alias. You've included an alias (items), but it does not match the alias(es) defined in your association (CartDetails).","status":"ERROR","timestamp":"16-11-2025 06:26:03.755+07:00"}
{"level":"error","name":"SequelizeEagerLoadingError","timestamp":"16-11-2025 06:28:24.968+07:00"}
{"level":"error","message":"Book is not associated to Cart!","status":"ERROR","timestamp":"16-11-2025 06:28:24.971+07:00"}
{"level":"error","name":"SequelizeDatabaseError","original":{"code":"ER_NO_SUCH_TABLE","errno":1146,"parameters":[1,0,"pending","2025-11-15 23:29:20","2025-11-15 23:29:20"],"sql":"INSERT INTO `transactions` (`id`,`userId`,`totalPrice`,`status`,`createdAt`,`updatedAt`) VALUES (DEFAULT,?,?,?,?,?);","sqlMessage":"Table 'wom_finance.transactions' doesn't exist","sqlState":"42S02"},"parameters":[1,0,"pending","2025-11-15 23:29:20","2025-11-15 23:29:20"],"parent":{"code":"ER_NO_SUCH_TABLE","errno":1146,"parameters":[1,0,"pending","2025-11-15 23:29:20","2025-11-15 23:29:20"],"sql":"INSERT INTO `transactions` (`id`,`userId`,`totalPrice`,`status`,`createdAt`,`updatedAt`) VALUES (DEFAULT,?,?,?,?,?);","sqlMessage":"Table 'wom_finance.transactions' doesn't exist","sqlState":"42S02"},"sql":"INSERT INTO `transactions` (`id`,`userId`,`totalPrice`,`status`,`createdAt`,`updatedAt`) VALUES (DEFAULT,?,?,?,?,?);","timestamp":"16-11-2025 06:29:21.028+07:00"}
{"level":"error","message":"Table 'wom_finance.transactions' doesn't exist","status":"ERROR","timestamp":"16-11-2025 06:29:21.033+07:00"}
{"level":"error","name":"SequelizeDatabaseError","original":{"code":"ER_BAD_FIELD_ERROR","errno":1054,"parameters":[1,0,"pending","2025-11-15 23:29:46","2025-11-15 23:29:46"],"sql":"INSERT INTO `Transactions` (`id`,`userId`,`totalPrice`,`status`,`createdAt`,`updatedAt`) VALUES (DEFAULT,?,?,?,?,?);","sqlMessage":"Unknown column 'updatedAt' in 'field list'","sqlState":"42S22"},"parameters":[1,0,"pending","2025-11-15 23:29:46","2025-11-15 23:29:46"],"parent":{"code":"ER_BAD_FIELD_ERROR","errno":1054,"parameters":[1,0,"pending","2025-11-15 23:29:46","2025-11-15 23:29:46"],"sql":"INSERT INTO `Transactions` (`id`,`userId`,`totalPrice`,`status`,`createdAt`,`updatedAt`) VALUES (DEFAULT,?,?,?,?,?);","sqlMessage":"Unknown column 'updatedAt' in 'field list'","sqlState":"42S22"},"sql":"INSERT INTO `Transactions` (`id`,`userId`,`totalPrice`,`status`,`createdAt`,`updatedAt`) VALUES (DEFAULT,?,?,?,?,?);","timestamp":"16-11-2025 06:29:46.815+07:00"}
{"level":"error","message":"Unknown column 'updatedAt' in 'field list'","status":"ERROR","timestamp":"16-11-2025 06:29:46.819+07:00"}
{"errors":[{"instance":{"createdAt":"2025-11-15T23:33:57.993Z","email":"aldo@gmail.com","id":null,"password":"397a642aac37d0d757ac000d8ce5f9585c5444ce2a9a4097ef32451d0d7ab57c","role":"customer","salt":"b47c51e52f02428b208f5574214c5bbf81143b1baa5ddcadecee03d0ebe63c7c","updatedAt":"2025-11-15T23:33:57.993Z"},"message":"email must be unique","origin":"DB","path":"email","type":"unique violation","validatorArgs":[],"validatorKey":"not_unique","validatorName":null,"value":"aldo@gmail.com"}],"fields":{"email":"aldo@gmail.com"},"level":"error","name":"SequelizeUniqueConstraintError","original":{"code":"ER_DUP_ENTRY","errno":1062,"parameters":["aldo@gmail.com","397a642aac37d0d757ac000d8ce5f9585c5444ce2a9a4097ef32451d0d7ab57c","b47c51e52f02428b208f5574214c5bbf81143b1baa5ddcadecee03d0ebe63c7c","customer","2025-11-15 23:33:57","2025-11-15 23:33:57"],"sql":"INSERT INTO `Users` (`id`,`email`,`password`,`salt`,`role`,`createdAt`,`updatedAt`) VALUES (DEFAULT,?,?,?,?,?,?);","sqlMessage":"Duplicate entry 'aldo@gmail.com' for key 'Users.email'","sqlState":"23000"},"parent":{"code":"ER_DUP_ENTRY","errno":1062,"parameters":["aldo@gmail.com","397a642aac37d0d757ac000d8ce5f9585c5444ce2a9a4097ef32451d0d7ab57c","b47c51e52f02428b208f5574214c5bbf81143b1baa5ddcadecee03d0ebe63c7c","customer","2025-11-15 23:33:57","2025-11-15 23:33:57"],"sql":"INSERT INTO `Users` (`id`,`email`,`password`,`salt`,`role`,`createdAt`,`updatedAt`) VALUES (DEFAULT,?,?,?,?,?,?);","sqlMessage":"Duplicate entry 'aldo@gmail.com' for key 'Users.email'","sqlState":"23000"},"sql":"INSERT INTO `Users` (`id`,`email`,`password`,`salt`,`role`,`createdAt`,`updatedAt`) VALUES (DEFAULT,?,?,?,?,?,?);","timestamp":"16-11-2025 06:33:58.048+07:00"}
{"level":"error","message":"Validation error","status":"ERROR","timestamp":"16-11-2025 06:33:58.052+07:00"}
{"level":"warn","message":"Forbidden: insufficient role","status":"FORBIDDEN","timestamp":"16-11-2025 06:35:02.935+07:00"}
{"level":"error","timestamp":"16-11-2025 06:35:27.590+07:00"}
{"level":"error","message":"Cannot read properties of undefined (reading 'bulkCreate')","status":"ERROR","timestamp":"16-11-2025 06:35:27.590+07:00"}
{"level":"error","timestamp":"16-11-2025 06:37:41.283+07:00"}
{"level":"error","message":"Cannot read properties of undefined (reading 'bulkCreate')","status":"ERROR","timestamp":"16-11-2025 06:37:41.285+07:00"}
{"level":"error","message":"cart not founded","timestamp":"16-11-2025 06:49:35.077+07:00"}
{"level":"warn","message":"cart not founded","status":"UNPROCESSABLE_ENTITY","timestamp":"16-11-2025 06:49:35.082+07:00"}
{"level":"error","name":"SequelizeEagerLoadingError","timestamp":"16-11-2025 06:54:13.200+07:00"}
{"level":"error","message":"Book is associated to CartDetail using an alias. You've included an alias (book), but it does not match the alias(es) defined in your association (Book).","status":"ERROR","timestamp":"16-11-2025 06:54:13.206+07:00"}
{"level":"error","name":"SequelizeEagerLoadingError","timestamp":"16-11-2025 06:54:53.896+07:00"}
{"level":"error","message":"Book is associated to CartDetail using an alias. You've included an alias (book), but it does not match the alias(es) defined in your association (Book).","status":"ERROR","timestamp":"16-11-2025 06:54:53.897+07:00"}
{"level":"error","name":"SequelizeEagerLoadingError","timestamp":"16-11-2025 06:55:37.340+07:00"}
{"level":"error","message":"Book is associated to CartDetail using an alias. You've included an alias (books), but it does not match the alias(es) defined in your association (Book).","status":"ERROR","timestamp":"16-11-2025 06:55:37.345+07:00"}
{"level":"error","name":"SequelizeEagerLoadingError","timestamp":"16-11-2025 06:58:04.616+07:00"}
{"level":"error","message":"Book is associated to CartDetail using an alias. You must use the 'as' keyword to specify the alias within your include statement.","status":"ERROR","timestamp":"16-11-2025 06:58:04.620+07:00"}
{"level":"error","message":"cart not founded","timestamp":"16-11-2025 13:12:09.341+07:00"}
{"level":"warn","message":"cart not founded","status":"UNPROCESSABLE_ENTITY","timestamp":"16-11-2025 13:12:09.346+07:00"}
{"level":"error","message":"cart not founded","timestamp":"16-11-2025 13:12:28.304+07:00"}
{"level":"warn","message":"cart not founded","status":"UNPROCESSABLE_ENTITY","timestamp":"16-11-2025 13:12:28.305+07:00"}
{"level":"error","name":"SequelizeDatabaseError","original":{"code":"ER_LOCK_WAIT_TIMEOUT","errno":1205,"parameters":["2025-11-16 06:21:49",2],"sql":"UPDATE `Books` SET `holdStock`=holdStock + 2,`updatedAt`=? WHERE `id` = ?","sqlMessage":"Lock wait timeout exceeded; try restarting transaction","sqlState":"HY000"},"parameters":["2025-11-16 06:21:49",2],"parent":{"code":"ER_LOCK_WAIT_TIMEOUT","errno":1205,"parameters":["2025-11-16 06:21:49",2],"sql":"UPDATE `Books` SET `holdStock`=holdStock + 2,`updatedAt`=? WHERE `id` = ?","sqlMessage":"Lock wait timeout exceeded; try restarting transaction","sqlState":"HY000"},"sql":"UPDATE `Books` SET `holdStock`=holdStock + 2,`updatedAt`=? WHERE `id` = ?","timestamp":"16-11-2025 13:22:39.389+07:00"}
{"level":"error","message":"Lock wait timeout exceeded; try restarting transaction","status":"ERROR","timestamp":"16-11-2025 13:22:39.392+07:00"}
{"level":"error","name":"SequelizeDatabaseError","original":{"code":"ER_NO_DEFAULT_FOR_FIELD","errno":1364,"sql":"INSERT INTO `Books` (`id`,`isActive`,`createdAt`,`updatedAt`) VALUES (NULL,true,'2025-11-16 06:29:14','2025-11-16 06:29:14') ON DUPLICATE KEY UPDATE `holdStock`=VALUES(`holdStock`);","sqlMessage":"Field 'title' doesn't have a default value","sqlState":"HY000"},"parameters":{},"parent":{"code":"ER_NO_DEFAULT_FOR_FIELD","errno":1364,"sql":"INSERT INTO `Books` (`id`,`isActive`,`createdAt`,`updatedAt`) VALUES (NULL,true,'2025-11-16 06:29:14','2025-11-16 06:29:14') ON DUPLICATE KEY UPDATE `holdStock`=VALUES(`holdStock`);","sqlMessage":"Field 'title' doesn't have a default value","sqlState":"HY000"},"sql":"INSERT INTO `Books` (`id`,`isActive`,`createdAt`,`updatedAt`) VALUES (NULL,true,'2025-11-16 06:29:14','2025-11-16 06:29:14') ON DUPLICATE KEY UPDATE `holdStock`=VALUES(`holdStock`);","timestamp":"16-11-2025 13:29:14.362+07:00"}
{"level":"error","message":"Field 'title' doesn't have a default value","status":"ERROR","timestamp":"16-11-2025 13:29:14.366+07:00"}
{"level":"error","name":"SequelizeDatabaseError","original":{"code":"ER_NO_DEFAULT_FOR_FIELD","errno":1364,"sql":"INSERT INTO `Books` (`id`,`isActive`,`createdAt`,`updatedAt`) VALUES (NULL,true,'2025-11-16 06:30:35','2025-11-16 06:30:35') ON DUPLICATE KEY UPDATE `holdStock`=VALUES(`holdStock`);","sqlMessage":"Field 'price' doesn't have a default value","sqlState":"HY000"},"parameters":{},"parent":{"code":"ER_NO_DEFAULT_FOR_FIELD","errno":1364,"sql":"INSERT INTO `Books` (`id`,`isActive`,`createdAt`,`updatedAt`) VALUES (NULL,true,'2025-11-16 06:30:35','2025-11-16 06:30:35') ON DUPLICATE KEY UPDATE `holdStock`=VALUES(`holdStock`);","sqlMessage":"Field 'price' doesn't have a default value","sqlState":"HY000"},"sql":"INSERT INTO `Books` (`id`,`isActive`,`createdAt`,`updatedAt`) VALUES (NULL,true,'2025-11-16 06:30:35','2025-11-16 06:30:35') ON DUPLICATE KEY UPDATE `holdStock`=VALUES(`holdStock`);","timestamp":"16-11-2025 13:30:35.520+07:00"}
{"level":"error","message":"Field 'price' doesn't have a default value","status":"ERROR","timestamp":"16-11-2025 13:30:35.521+07:00"}
{"errors":[{"instance":{"author":"Jaka gak sambung","createdAt":"2025-11-16T06:35:19.038Z","id":null,"isActive":true,"price":30000,"stock":50,"title":"si gua dari pasir","updatedAt":"2025-11-16T06:35:19.038Z"},"message":"Book.holdStock cannot be null","origin":"CORE","path":"holdStock","type":"notNull Violation","validatorArgs":[],"validatorKey":"is_null","validatorName":null,"value":null}],"level":"error","name":"SequelizeValidationError","timestamp":"16-11-2025 13:35:19.041+07:00"}
{"level":"error","message":"notNull Violation: Book.holdStock cannot be null","status":"ERROR","timestamp":"16-11-2025 13:35:19.045+07:00"}
{"errors":[{"instance":{"author":"Jaka sambung","createdAt":"2025-11-16T06:37:29.787Z","id":null,"isActive":true,"price":20000,"stock":100,"title":"si gua dari batu","updatedAt":"2025-11-16T06:37:29.787Z"},"message":"unique_title_book must be unique","origin":"DB","path":"unique_title_book","type":"unique violation","validatorArgs":[],"validatorKey":"not_unique","validatorName":null,"value":"si gua dari batu"}],"fields":{"unique_title_book":"si gua dari batu"},"level":"error","name":"SequelizeUniqueConstraintError","original":{"code":"ER_DUP_ENTRY","errno":1062,"parameters":["si gua dari batu","Jaka sambung",20000,100,true,"2025-11-16 06:37:29","2025-11-16 06:37:29"],"sql":"INSERT INTO `Books` (`id`,`title`,`author`,`price`,`stock`,`isActive`,`createdAt`,`updatedAt`) VALUES (DEFAULT,?,?,?,?,?,?,?);","sqlMessage":"Duplicate entry 'si gua dari batu' for key 'Books.unique_title_book'","sqlState":"23000"},"parent":{"code":"ER_DUP_ENTRY","errno":1062,"parameters":["si gua dari batu","Jaka sambung",20000,100,true,"2025-11-16 06:37:29","2025-11-16 06:37:29"],"sql":"INSERT INTO `Books` (`id`,`title`,`author`,`price`,`stock`,`isActive`,`createdAt`,`updatedAt`) VALUES (DEFAULT,?,?,?,?,?,?,?);","sqlMessage":"Duplicate entry 'si gua dari batu' for key 'Books.unique_title_book'","sqlState":"23000"},"sql":"INSERT INTO `Books` (`id`,`title`,`author`,`price`,`stock`,`isActive`,`createdAt`,`updatedAt`) VALUES (DEFAULT,?,?,?,?,?,?,?);","timestamp":"16-11-2025 13:37:29.883+07:00"}
{"level":"error","message":"Validation error","status":"ERROR","timestamp":"16-11-2025 13:37:29.886+07:00"}
{"level":"error","name":"SequelizeDatabaseError","original":{"code":"ER_NO_SUCH_TABLE","errno":1146,"parameters":["aldy@gmail.com","a4559423c62ba6af08ac7f6be29e11942fe21f2bb96c24ff1d6b40814212c8b7","6b6f04c405fd0a1c6d219d2b12a7db94a82a56b384a8fc7adf20da1fa7b7fdc8","admin","2025-11-16 06:40:06","2025-11-16 06:40:06"],"sql":"INSERT INTO `Users` (`id`,`email`,`password`,`salt`,`role`,`createdAt`,`updatedAt`) VALUES (DEFAULT,?,?,?,?,?,?);","sqlMessage":"Table 'wom_finance.Users' doesn't exist","sqlState":"42S02"},"parameters":["aldy@gmail.com","a4559423c62ba6af08ac7f6be29e11942fe21f2bb96c24ff1d6b40814212c8b7","6b6f04c405fd0a1c6d219d2b12a7db94a82a56b384a8fc7adf20da1fa7b7fdc8","admin","2025-11-16 06:40:06","2025-11-16 06:40:06"],"parent":{"code":"ER_NO_SUCH_TABLE","errno":1146,"parameters":["aldy@gmail.com","a4559423c62ba6af08ac7f6be29e11942fe21f2bb96c24ff1d6b40814212c8b7","6b6f04c405fd0a1c6d219d2b12a7db94a82a56b384a8fc7adf20da1fa7b7fdc8","admin","2025-11-16 06:40:06","2025-11-16 06:40:06"],"sql":"INSERT INTO `Users` (`id`,`email`,`password`,`salt`,`role`,`createdAt`,`updatedAt`) VALUES (DEFAULT,?,?,?,?,?,?);","sqlMessage":"Table 'wom_finance.Users' doesn't exist","sqlState":"42S02"},"sql":"INSERT INTO `Users` (`id`,`email`,`password`,`salt`,`role`,`createdAt`,`updatedAt`) VALUES (DEFAULT,?,?,?,?,?,?);","timestamp":"16-11-2025 13:40:06.817+07:00"}
{"level":"error","message":"Table 'wom_finance.Users' doesn't exist","status":"ERROR","timestamp":"16-11-2025 13:40:06.820+07:00"}
{"level":"warn","message":"\"status\" must be one of [success, pending, failed]","status":"UNPROCESSABLE_ENTITY","timestamp":"16-11-2025 14:25:57.470+07:00"}
{"level":"error","message":"transaction not founded","timestamp":"16-11-2025 14:37:34.448+07:00"}
{"level":"warn","message":"transaction not founded","status":"UNPROCESSABLE_ENTITY","timestamp":"16-11-2025 14:37:34.452+07:00"}
{"level":"error","message":"cart not founded","timestamp":"16-11-2025 14:40:36.487+07:00"}
{"level":"warn","message":"cart not founded","status":"UNPROCESSABLE_ENTITY","timestamp":"16-11-2025 14:40:36.490+07:00"}
{"level":"error","message":"transaction not founded or already process","timestamp":"16-11-2025 14:41:07.556+07:00"}
{"level":"warn","message":"transaction not founded or already process","status":"UNPROCESSABLE_ENTITY","timestamp":"16-11-2025 14:41:07.557+07:00"}
{"level":"error","message":"Insufficient stock for the requested book.","timestamp":"16-11-2025 14:45:22.173+07:00"}
{"level":"warn","message":"Insufficient stock for the requested book.","status":"UNPROCESSABLE_ENTITY","timestamp":"16-11-2025 14:45:22.176+07:00"}
{"level":"warn","message":"\"userId\" must be a string","status":"UNPROCESSABLE_ENTITY","timestamp":"16-11-2025 16:19:19.031+07:00"}
